<?xml version="1.0" encoding="UTF-8"?>
<testsuite xmlns:xsi="http://www.w3.org/2001/XMLSchema-instance" xsi:noNamespaceSchemaLocation="https://maven.apache.org/surefire/maven-surefire-plugin/xsd/surefire-test-report.xsd" name="edu.upf.TwitterFilterTest" time="0.06" tests="1" errors="0" skipped="0" failures="0">
  <properties>
    <property name="java.specification.version" value="19"/>
    <property name="sun.cpu.isalist" value="amd64"/>
    <property name="sun.jnu.encoding" value="Cp1252"/>
    <property name="java.class.path" value="c:\Users\tester\OneDrive\Desktop\Uni\3rd\2nd Term\Large-scale Distributed Systems\Labs\LSDS-Labs\LSDS2021-seed\lab1\target\test-classes;c:\Users\tester\OneDrive\Desktop\Uni\3rd\2nd Term\Large-scale Distributed Systems\Labs\LSDS-Labs\LSDS2021-seed\lab1\target\classes;C:\Users\tester\.m2\repository\junit\junit\4.11\junit-4.11.jar;C:\Users\tester\.m2\repository\org\hamcrest\hamcrest-core\1.3\hamcrest-core-1.3.jar;C:\Users\tester\.m2\repository\com\google\code\gson\gson\2.8.5\gson-2.8.5.jar;C:\Users\tester\.m2\repository\com\amazonaws\aws-java-sdk-s3\1.11.1034\aws-java-sdk-s3-1.11.1034.jar;C:\Users\tester\.m2\repository\com\amazonaws\aws-java-sdk-kms\1.11.1034\aws-java-sdk-kms-1.11.1034.jar;C:\Users\tester\.m2\repository\com\amazonaws\aws-java-sdk-core\1.11.1034\aws-java-sdk-core-1.11.1034.jar;C:\Users\tester\.m2\repository\commons-logging\commons-logging\1.1.3\commons-logging-1.1.3.jar;C:\Users\tester\.m2\repository\commons-codec\commons-codec\1.15\commons-codec-1.15.jar;C:\Users\tester\.m2\repository\org\apache\httpcomponents\httpclient\4.5.13\httpclient-4.5.13.jar;C:\Users\tester\.m2\repository\org\apache\httpcomponents\httpcore\4.4.13\httpcore-4.4.13.jar;C:\Users\tester\.m2\repository\software\amazon\ion\ion-java\1.0.2\ion-java-1.0.2.jar;C:\Users\tester\.m2\repository\com\fasterxml\jackson\core\jackson-databind\2.6.7.4\jackson-databind-2.6.7.4.jar;C:\Users\tester\.m2\repository\com\fasterxml\jackson\core\jackson-annotations\2.6.0\jackson-annotations-2.6.0.jar;C:\Users\tester\.m2\repository\com\fasterxml\jackson\core\jackson-core\2.6.7\jackson-core-2.6.7.jar;C:\Users\tester\.m2\repository\com\fasterxml\jackson\dataformat\jackson-dataformat-cbor\2.6.7\jackson-dataformat-cbor-2.6.7.jar;C:\Users\tester\.m2\repository\joda-time\joda-time\2.8.1\joda-time-2.8.1.jar;C:\Users\tester\.m2\repository\com\amazonaws\jmespath-java\1.11.1034\jmespath-java-1.11.1034.jar;"/>
    <property name="java.vm.vendor" value="Oracle Corporation"/>
    <property name="sun.arch.data.model" value="64"/>
    <property name="user.variant" value=""/>
    <property name="java.vendor.url" value="https://java.oracle.com/"/>
    <property name="user.timezone" value="Europe/Madrid"/>
    <property name="os.name" value="Windows 11"/>
    <property name="java.vm.specification.version" value="19"/>
    <property name="sun.java.launcher" value="SUN_STANDARD"/>
    <property name="user.country" value="ES"/>
    <property name="sun.boot.library.path" value="C:\Program Files\Java\jdk-19\bin"/>
    <property name="sun.java.command" value="C:\Users\tester\AppData\Local\Temp\surefire8224302474825140398\surefirebooter6528538618705540285.jar C:\Users\tester\AppData\Local\Temp\surefire8224302474825140398 2023-02-05T10-26-49_846-jvmRun1 surefire9403139579943338724tmp surefire_016905446716801662069tmp"/>
    <property name="jdk.debug" value="release"/>
    <property name="surefire.test.class.path" value="c:\Users\tester\OneDrive\Desktop\Uni\3rd\2nd Term\Large-scale Distributed Systems\Labs\LSDS-Labs\LSDS2021-seed\lab1\target\test-classes;c:\Users\tester\OneDrive\Desktop\Uni\3rd\2nd Term\Large-scale Distributed Systems\Labs\LSDS-Labs\LSDS2021-seed\lab1\target\classes;C:\Users\tester\.m2\repository\junit\junit\4.11\junit-4.11.jar;C:\Users\tester\.m2\repository\org\hamcrest\hamcrest-core\1.3\hamcrest-core-1.3.jar;C:\Users\tester\.m2\repository\com\google\code\gson\gson\2.8.5\gson-2.8.5.jar;C:\Users\tester\.m2\repository\com\amazonaws\aws-java-sdk-s3\1.11.1034\aws-java-sdk-s3-1.11.1034.jar;C:\Users\tester\.m2\repository\com\amazonaws\aws-java-sdk-kms\1.11.1034\aws-java-sdk-kms-1.11.1034.jar;C:\Users\tester\.m2\repository\com\amazonaws\aws-java-sdk-core\1.11.1034\aws-java-sdk-core-1.11.1034.jar;C:\Users\tester\.m2\repository\commons-logging\commons-logging\1.1.3\commons-logging-1.1.3.jar;C:\Users\tester\.m2\repository\commons-codec\commons-codec\1.15\commons-codec-1.15.jar;C:\Users\tester\.m2\repository\org\apache\httpcomponents\httpclient\4.5.13\httpclient-4.5.13.jar;C:\Users\tester\.m2\repository\org\apache\httpcomponents\httpcore\4.4.13\httpcore-4.4.13.jar;C:\Users\tester\.m2\repository\software\amazon\ion\ion-java\1.0.2\ion-java-1.0.2.jar;C:\Users\tester\.m2\repository\com\fasterxml\jackson\core\jackson-databind\2.6.7.4\jackson-databind-2.6.7.4.jar;C:\Users\tester\.m2\repository\com\fasterxml\jackson\core\jackson-annotations\2.6.0\jackson-annotations-2.6.0.jar;C:\Users\tester\.m2\repository\com\fasterxml\jackson\core\jackson-core\2.6.7\jackson-core-2.6.7.jar;C:\Users\tester\.m2\repository\com\fasterxml\jackson\dataformat\jackson-dataformat-cbor\2.6.7\jackson-dataformat-cbor-2.6.7.jar;C:\Users\tester\.m2\repository\joda-time\joda-time\2.8.1\joda-time-2.8.1.jar;C:\Users\tester\.m2\repository\com\amazonaws\jmespath-java\1.11.1034\jmespath-java-1.11.1034.jar;"/>
    <property name="sun.cpu.endian" value="little"/>
    <property name="user.home" value="C:\Users\tester"/>
    <property name="user.language" value="es"/>
    <property name="java.specification.vendor" value="Oracle Corporation"/>
    <property name="java.version.date" value="2023-01-17"/>
    <property name="java.home" value="C:\Program Files\Java\jdk-19"/>
    <property name="file.separator" value="\"/>
    <property name="basedir" value="c:\Users\tester\OneDrive\Desktop\Uni\3rd\2nd Term\Large-scale Distributed Systems\Labs\LSDS-Labs\LSDS2021-seed\lab1"/>
    <property name="java.vm.compressedOopsMode" value="Zero based"/>
    <property name="line.separator" value="&#10;"/>
    <property name="java.vm.specification.vendor" value="Oracle Corporation"/>
    <property name="java.specification.name" value="Java Platform API Specification"/>
    <property name="surefire.real.class.path" value="C:\Users\tester\AppData\Local\Temp\surefire8224302474825140398\surefirebooter6528538618705540285.jar"/>
    <property name="user.script" value=""/>
    <property name="sun.management.compiler" value="HotSpot 64-Bit Tiered Compilers"/>
    <property name="java.runtime.version" value="19.0.2+7-44"/>
    <property name="user.name" value="tester"/>
    <property name="stdout.encoding" value="Cp1252"/>
    <property name="path.separator" value=";"/>
    <property name="os.version" value="10.0"/>
    <property name="java.runtime.name" value="Java(TM) SE Runtime Environment"/>
    <property name="file.encoding" value="UTF-8"/>
    <property name="java.vm.name" value="Java HotSpot(TM) 64-Bit Server VM"/>
    <property name="localRepository" value="C:\Users\tester\.m2\repository"/>
    <property name="java.vendor.url.bug" value="https://bugreport.java.com/bugreport/"/>
    <property name="java.io.tmpdir" value="C:\Users\tester\AppData\Local\Temp\"/>
    <property name="java.version" value="19.0.2"/>
    <property name="user.dir" value="c:\Users\tester\OneDrive\Desktop\Uni\3rd\2nd Term\Large-scale Distributed Systems\Labs\LSDS-Labs\LSDS2021-seed\lab1"/>
    <property name="os.arch" value="amd64"/>
    <property name="java.vm.specification.name" value="Java Virtual Machine Specification"/>
    <property name="sun.os.patch.level" value=""/>
    <property name="native.encoding" value="Cp1252"/>
    <property name="java.library.path" value="C:\Program Files\Java\jdk-19\bin;C:\WINDOWS\Sun\Java\bin;C:\WINDOWS\system32;C:\WINDOWS;C:\Program Files\Common Files\Oracle\Java\javapath;C:\Program Files (x86)\Common Files\Oracle\Java\javapath;C:\WINDOWS\system32;C:\WINDOWS;C:\WINDOWS\System32\Wbem;C:\WINDOWS\System32\WindowsPowerShell\v1.0\;C:\WINDOWS\System32\OpenSSH\;C:\Program Files\MATLAB\R2022a\bin;C:\Program Files\Git\cmd;C:\Users\tester\AppData\Roaming\Microsoft\Windows\Start Menu\Programs\Python 3.8;C:\Program Files\Amazon\AWSCLI\bin\;C:\Program Files\MySQL\MySQL Shell 8.0\bin\;C:\Users\tester\AppData\Local\Microsoft\WindowsApps;C:\Users\tester\AppData\Local\GitHubDesktop\bin;C:\Users\tester\AppData\Local\Programs\Microsoft VS Code\bin;C:\Users\tester\OneDrive\Desktop\Uni\3rd\2nd Term\Large-scale Distributed Systems\apache-maven-3.8.7\bin;C:\Program Files\Java\jdk-19\bin\java.exe;;."/>
    <property name="java.vm.info" value="mixed mode, sharing"/>
    <property name="stderr.encoding" value="Cp1252"/>
    <property name="java.vendor" value="Oracle Corporation"/>
    <property name="java.vm.version" value="19.0.2+7-44"/>
    <property name="sun.io.unicode.encoding" value="UnicodeLittle"/>
    <property name="java.class.version" value="63.0"/>
  </properties>
  <testcase name="shouldAnswerWithTrue" classname="edu.upf.TwitterFilterTest" time="0.008"/>
</testsuite>